[17:02:12] [main/INFO]: Loading Minecraft 1.20.1 with Fabric Loader 0.16.3
[17:02:13] [main/INFO]: Loading 4 mods:
	- fabricloader 0.16.3
	   \-- mixinextras 0.4.1
	- java 17
	- minecraft 1.20.1
[17:02:13] [main/WARN]: Found 54 non-fabric mods:
	- vanillaplustools-1.20-1.0.4.jar
	- torchmaster-20.1.9.jar
	- Connector-1.0.0-beta.46+1.20.1.jar
	- NaturesCompass-1.20.1-1.11.2-forge.jar
	- sophisticatedbackpacks-1.20.1-3.23.6.1211.jar
	- appleskin-forge-mc1.20.1-2.5.1.jar
	- Bookshelf-Forge-1.20.1-20.2.13.jar
	- sodiumoptionsapi-forge-1.0.10-1.20.1.jar
	- caelus-forge-3.2.0+1.20.1.jar
	- sophisticatedcore-1.20.1-1.2.32.921.jar
	- AdvancementPlaques-1.20.1-forge-1.6.9.jar
	- crittersandcompanions-forge-2.2.2.jar
	- supermartijn642configlib-1.1.8-forge-mc1.20.jar
	- justzoom_forge_1.0.2_MC_1.20.1.jar
	- oculus-mc1.20.1-1.8.0.jar
	- mcw-windows-2.3.0-mc1.20.1forge.jar
	- supermartijn642corelib-1.1.18-forge-mc1.20.1.jar
	- fabric-api-0.92.2+1.11.12+1.20.1.jar
	- colytra-forge-6.2.2+1.20.1.jar
	- harvest-with-ease-forge-1.20.1-9.4.0.jar
	- gravestone-forge-1.20.1-1.0.24.jar
	- redeco-1.13-1.20.jar
	- libIPN-forge-1.20-4.0.2.jar
	- journeymap-1.20.1-5.10.3-forge.jar
	- CreativeCore_FORGE_v2.12.31_mc1.20.1.jar
	- balm-forge-1.20.1-7.3.27-all.jar
	- Iceberg-1.20.1-forge-1.1.25.jar
	- embeddium-0.3.31+mc1.20.1.jar
	- ExplorersCompass-1.20.1-1.3.3-forge.jar
	- geckolib-forge-1.20.1-4.7.1.2.jar
	- cobweb-forge-1.20.1-1.0.1.jar
	- jei-1.20.1-forge-15.19.5.99.jar
	- EnchantmentDescriptions-Forge-1.20.1-17.1.19.jar
	- chat_heads-0.13.13-forge-1.20.jar
	- Aquaculture-1.20.1-2.5.5.jar
	- cfm-forge-1.20.1-7.0.0-pre36.jar
	- YungsApi-1.20-Forge-4.0.6.jar
	- mowziesmobs-1.7.1.jar
	- Ribbits-1.20.1-Forge-3.0.4.jar
	- Jennycraft-Mod-Forge-1.20.1.jar
	- kotlinforforge-4.11.0-all.jar
	- coroutil-forge-1.20.1-1.3.7.jar
	- konkrete_forge_1.8.0_MC_1.20-1.20.1.jar
	- cosmeticarmorreworked-1.20.1-v1a.jar
	- framework-forge-1.20.1-0.7.12.jar
	- TreeChop-1.20.1-forge-0.19.0-fixed.jar
	- JustEnoughResources-1.20.1-1.4.0.247.jar
	- betterarcheology-1.2.1-1.20.1.jar
	- mcw-furniture-3.3.0-mc1.20.1forge.jar
	- libraryferret-forge-1.20.1-4.0.0.jar
	- InventoryProfilesNext-forge-1.20-1.10.14.jar
	- TravelersTitles-1.20-Forge-4.0.2.jar
	- FarmersDelight-1.20.1-1.2.7.jar
	- waystones-forge-1.20.1-14.1.11.jar
[17:02:13] [main/INFO]: SpongePowered MIXIN Subsystem Version=0.8.7 Source=file:/workspaces/Server-3.1/servidor_minecraft/libraries/net/fabricmc/sponge-mixin/0.15.2+mixin.0.8.7/sponge-mixin-0.15.2+mixin.0.8.7.jar Service=Knot/Fabric Env=SERVER
[17:02:17] [main/INFO]: Environment: authHost='https://authserver.mojang.com', accountsHost='https://api.mojang.com', sessionHost='https://sessionserver.mojang.com', servicesHost='https://api.minecraftservices.com', name='PROD'
[17:02:19] [main/INFO]: Loaded 7 recipes
[17:02:19] [main/INFO]: Loaded 1271 advancements
[17:02:19] [Server thread/INFO]: Starting minecraft server version 1.20.1
[17:02:19] [Server thread/INFO]: Loading properties
[17:02:19] [Server thread/INFO]: Default game type: SURVIVAL
[17:02:19] [Server thread/INFO]: Generating keypair
[17:02:19] [Server thread/INFO]: Starting Minecraft server on *:25565
[17:02:20] [Server thread/INFO]: Using epoll channel type
[17:02:20] [Server thread/WARN]: **** SERVER IS RUNNING IN OFFLINE/INSECURE MODE!
[17:02:20] [Server thread/WARN]: The server will make no attempt to authenticate usernames. Beware.
[17:02:20] [Server thread/WARN]: While this makes the game possible to play without internet access, it also opens up the ability for hackers to connect with any username they choose.
[17:02:20] [Server thread/WARN]: To change this, set "online-mode" to "true" in the server.properties file.
[17:02:20] [Server thread/INFO]: Preparing level "world"
[17:02:25] [Server thread/INFO]: Preparing start region for dimension minecraft:overworld
[17:02:27] [Worker-Main-2/INFO]: Preparing spawn area: 0%
[17:02:27] [Worker-Main-1/INFO]: Preparing spawn area: 0%
[17:02:27] [Worker-Main-2/INFO]: Preparing spawn area: 0%
[17:02:27] [Worker-Main-3/INFO]: Preparing spawn area: 0%
[17:02:27] [Worker-Main-2/INFO]: Preparing spawn area: 0%
[17:02:28] [Worker-Main-1/INFO]: Preparing spawn area: 1%
[17:02:28] [Worker-Main-3/INFO]: Preparing spawn area: 2%
[17:02:29] [Worker-Main-1/INFO]: Preparing spawn area: 3%
[17:02:29] [Worker-Main-2/INFO]: Preparing spawn area: 3%
[17:02:30] [Worker-Main-3/INFO]: Preparing spawn area: 5%
[17:02:30] [Worker-Main-2/INFO]: Preparing spawn area: 6%
[17:02:31] [Worker-Main-2/INFO]: Preparing spawn area: 7%
[17:02:31] [Worker-Main-1/INFO]: Preparing spawn area: 9%
[17:02:32] [Worker-Main-3/INFO]: Preparing spawn area: 11%
[17:02:32] [Worker-Main-1/INFO]: Preparing spawn area: 13%
[17:02:33] [Worker-Main-1/INFO]: Preparing spawn area: 15%
[17:02:33] [Worker-Main-3/INFO]: Preparing spawn area: 17%
[17:02:34] [Worker-Main-3/INFO]: Preparing spawn area: 20%
[17:02:34] [Worker-Main-3/INFO]: Preparing spawn area: 23%
[17:02:35] [Worker-Main-1/INFO]: Preparing spawn area: 26%
[17:02:35] [Worker-Main-2/INFO]: Preparing spawn area: 30%
[17:02:36] [Worker-Main-1/INFO]: Preparing spawn area: 32%
[17:02:36] [Worker-Main-3/INFO]: Preparing spawn area: 35%
[17:02:37] [Worker-Main-2/INFO]: Preparing spawn area: 39%
[17:02:37] [Worker-Main-1/INFO]: Preparing spawn area: 42%
[17:02:38] [Worker-Main-2/INFO]: Preparing spawn area: 44%
[17:02:38] [Worker-Main-3/INFO]: Preparing spawn area: 47%
[17:02:39] [Worker-Main-3/INFO]: Preparing spawn area: 51%
[17:02:39] [Worker-Main-3/INFO]: Preparing spawn area: 54%
[17:02:40] [Worker-Main-3/INFO]: Preparing spawn area: 56%
[17:02:40] [Worker-Main-2/INFO]: Preparing spawn area: 59%
[17:02:41] [Worker-Main-3/INFO]: Preparing spawn area: 63%
[17:02:41] [Worker-Main-3/INFO]: Preparing spawn area: 67%
[17:02:42] [Worker-Main-1/INFO]: Preparing spawn area: 69%
[17:02:42] [Worker-Main-1/INFO]: Preparing spawn area: 72%
[17:02:43] [Worker-Main-2/INFO]: Preparing spawn area: 76%
[17:02:43] [Worker-Main-3/INFO]: Preparing spawn area: 80%
[17:02:44] [Worker-Main-1/INFO]: Preparing spawn area: 84%
[17:02:44] [Worker-Main-1/INFO]: Preparing spawn area: 85%
[17:02:45] [Worker-Main-1/INFO]: Preparing spawn area: 88%
[17:02:45] [Worker-Main-1/INFO]: Preparing spawn area: 91%
[17:02:46] [Worker-Main-2/INFO]: Preparing spawn area: 94%
[17:02:46] [Worker-Main-1/INFO]: Preparing spawn area: 99%
[17:02:47] [Server thread/INFO]: Time elapsed: 21112 ms
[17:02:47] [Server thread/INFO]: Done (26.852s)! For help, type "help"
[17:02:47] [Server thread/INFO]: Unknown or incomplete command, see below for error
[17:02:47] [Server thread/INFO]: home/codespace/.python/current/bin/python "/workspaces/Server-3.1/Iniciar Servidor.py"<--[HERE]
[17:06:49] [Server thread/INFO]: Fernando_fyjjuk[/127.128.11.226:48661] logged in with entity id 387 at (44.5, 63.0, 82.5)
[17:06:49] [Server thread/INFO]: Fernando_fyjjuk joined the game
[17:06:49] [Server thread/INFO]: Fernando_fyjjuk lost connection: Disconnected
[17:06:49] [Server thread/INFO]: Fernando_fyjjuk left the game
[17:07:17] [Server thread/INFO]: Fernando_fyjjuk[/127.128.11.226:60441] logged in with entity id 420 at (44.5, 63.0, 82.5)
[17:07:17] [Server thread/INFO]: Fernando_fyjjuk joined the game
[17:07:17] [Server thread/INFO]: Fernando_fyjjuk lost connection: Disconnected
[17:07:17] [Server thread/INFO]: Fernando_fyjjuk left the game
[17:08:46] [Server thread/INFO]: Fernando_fyjjuk[/127.128.11.226:43269] logged in with entity id 444 at (44.5, 63.0, 82.5)
[17:08:46] [Server thread/INFO]: Fernando_fyjjuk joined the game
[17:08:46] [Server thread/INFO]: Fernando_fyjjuk lost connection: Disconnected
[17:08:46] [Server thread/INFO]: Fernando_fyjjuk left the game
[17:18:16] [Server thread/INFO]: Fernando_fyjjuk[/127.128.11.226:53751] logged in with entity id 482 at (44.5, 63.0, 82.5)
[17:18:16] [Server thread/INFO]: Fernando_fyjjuk joined the game
[17:19:00] [Server thread/INFO]: Fernando_fyjjuk was doomed to fall by Enderman
[17:19:31] [Server thread/INFO]: Fernando_fyjjuk has made the advancement [Monster Hunter]
[17:19:38] [Server thread/INFO]: Fernando_fyjjuk burned to death
[17:20:03] [Server thread/INFO]: Fernando_fyjjuk tried to swim in lava
[17:20:22] [Server thread/INFO]: Fernando_fyjjuk was slain by Zombie
[17:21:31] [Server thread/INFO]: Fernando_fyjjuk lost connection: Disconnected
[17:21:31] [Server thread/INFO]: Fernando_fyjjuk left the game
